writesd: 7 , readsd: 6 , readsd3: 12
max x: 132 
max y: 37 
server_pid: 5213 , keyboard_pid: 5216 
x: 128 
y: 13 
Thu Jul 11 19:36:06 2024
 : DRONE : error in readsd3 1

forx: 0 
Thu Jul 11 19:36:08 2024
 : DRONE : error in readsd3 2

fory: 0 
x:128  y:13
Thu Jul 11 19:36:22 2024
 : DRONE : error in readsd3 1

Thu Jul 11 19:36:23 2024
 : DRONE : error in readsd3 1

forx: 0 
Thu Jul 11 19:36:25 2024
 : DRONE : error in readsd3 2

fory: 0 
x:128  y:13
Thu Jul 11 19:36:38 2024
 : DRONE : error in readsd3 1

forx: -1 
Thu Jul 11 19:36:40 2024
 : DRONE : error in readsd3 2

fory: 0 
x:128  y:13
Thu Jul 11 19:36:44 2024
 : DRONE : error in readsd3 1

forx: -1 
Thu Jul 11 19:36:46 2024
 : DRONE : error in readsd3 2

fory: 0 
x:128  y:13
Thu Jul 11 19:36:50 2024
 : DRONE : error in readsd3 1

forx: -1 
Thu Jul 11 19:36:52 2024
 : DRONE : error in readsd3 2

fory: 0 
x:127  y:13
Thu Jul 11 19:36:56 2024
 : DRONE : error in readsd3 1

forx: -2 
Thu Jul 11 19:36:58 2024
 : DRONE : error in readsd3 2

fory: 0 
x:126  y:13
Thu Jul 11 19:37:02 2024
 : DRONE : error in readsd3 1

forx: -2 
Thu Jul 11 19:37:04 2024
 : DRONE : error in readsd3 2

fory: 0 
x:124  y:13
Thu Jul 11 19:37:08 2024
 : DRONE : error in readsd3 1

forx: -3 
Thu Jul 11 19:37:11 2024
 : DRONE : error in readsd3 2

fory: 0 
x:122  y:13
Thu Jul 11 19:37:15 2024
 : DRONE : error in readsd3 1

forx: -3 
Thu Jul 11 19:37:17 2024
 : DRONE : error in readsd3 2

fory: 0 
x:119  y:13
Thu Jul 11 19:37:22 2024
 : DRONE : error in readsd3 1

forx: -4 
Thu Jul 11 19:37:24 2024
 : DRONE : error in readsd3 2

fory: 0 
x:115  y:13
Thu Jul 11 19:37:27 2024
 : DRONE : error in readsd3 1

forx: -4 
Thu Jul 11 19:37:29 2024
 : DRONE : error in readsd3 2

fory: 0 
x:110  y:13
Thu Jul 11 19:37:33 2024
 : DRONE : error in readsd3 1

forx: -4 
Thu Jul 11 19:37:35 2024
 : DRONE : error in readsd3 2

fory: -1 
x:104  y:13
Thu Jul 11 19:37:40 2024
 : DRONE : error in readsd3 1

forx: -4 
Thu Jul 11 19:37:42 2024
 : DRONE : error in readsd3 2

fory: -1 
x:97  y:13
Thu Jul 11 19:37:45 2024
 : DRONE : error in readsd3 1

forx: -4 
Thu Jul 11 19:37:47 2024
 : DRONE : error in readsd3 2

fory: -2 
x:89  y:12
Thu Jul 11 19:37:52 2024
 : DRONE : error in readsd3 1

forx: -4 
Thu Jul 11 19:37:54 2024
 : DRONE : error in readsd3 2

fory: -2 
x:80  y:11
Thu Jul 11 19:37:58 2024
 : DRONE : error in readsd3 1

forx: -4 
Thu Jul 11 19:38:00 2024
 : DRONE : error in readsd3 2

fory: -3 
x:70  y:9
Thu Jul 11 19:38:04 2024
 : DRONE : error in readsd3 1

forx: -4 
Thu Jul 11 19:38:06 2024
 : DRONE : error in readsd3 2

fory: -3 
x:59  y:6
Thu Jul 11 19:38:10 2024
 : DRONE : error in readsd3 1

forx: -5 
Thu Jul 11 19:38:12 2024
 : DRONE : error in readsd3 2

fory: -4 
x:47  y:2
Thu Jul 11 19:38:16 2024
 : DRONE : error in readsd3 1

forx: -5 
Thu Jul 11 19:38:18 2024
 : DRONE : error in readsd3 2

fory: -4 
x:34  y:2
Thu Jul 11 19:38:23 2024
 : DRONE : error in readsd3 1

forx: 1082130432 
Thu Jul 11 19:38:25 2024
 : DRONE : error in readsd3 2

fory: 1065353216 
x:130  y:35
Thu Jul 11 19:38:29 2024
 : DRONE : error in readsd3 1

forx: 1082130431 
Thu Jul 11 19:38:31 2024
 : DRONE : error in readsd3 2

fory: 1065353215 
x:130  y:35
Thu Jul 11 19:38:46 2024
 : DRONE : error in readsd3 1

Thu Jul 11 19:39:06 2024
 : DRONE : error in readsd3 1

Thu Jul 11 19:39:24 2024
 : DRONE : error in readsd3 1

