writesd3: 13 , readsd3: 12 , readsd4: 14
f_x: 0 0, f_y: 0 0
sent 
server_pid: 5213 , drone_pid: 5217 
sent 2
f_x: 0 0, f_y: 0 0
sent 
sent 2
f_x: -1 -1, f_y: 0 0
sent 
sent 2
f_x: -1 -1, f_y: 0 0
sent 
sent 2
f_x: -1 -1, f_y: 0 0
sent 
sent 2
f_x: -2 -2, f_y: 0 0
sent 
sent 2
f_x: -2 -2, f_y: 0 0
sent 
sent 2
f_x: -3 -3, f_y: 0 0
sent 
sent 2
f_x: -3 -3, f_y: 0 0
sent 
sent 2
f_x: -4 -4, f_y: 0 0
sent 
sent 2
f_x: -4 -4, f_y: 0 0
sent 
sent 2
f_x: -4 -4, f_y: -1 -1
sent 
sent 2
f_x: -4 -4, f_y: -1 -1
sent 
sent 2
f_x: -4 -4, f_y: -2 -2
sent 
sent 2
f_x: -4 -4, f_y: -2 -2
sent 
sent 2
f_x: -4 -4, f_y: -3 -3
sent 
sent 2
f_x: -4 -4, f_y: -3 -3
sent 
sent 2
f_x: -5 -5, f_y: -4 -4
sent 
sent 2
f_x: -5 -5, f_y: -4 -4
sent 
sent 2
dronex: 1082130432 
droney: 1065353216 
f_x: 1082130432 1082130432, f_y: 1065353216 1065353216
sent 
sent 2
f_x: 1082130431 1082130431, f_y: 1065353215 1065353215
sent 
sent 2
