has colors
Thu Jul 11 19:35:59 2024
 : SERVER : created the shared memory
wwrittesd: 7 , writeeesd11: 9 , writeee2: 11 
maxx: 132 , maxy: 37 
ok 1  
ok 2  
keyboard_pid:5216 , target_pid:5219 , obstacles_pid:5218 , drone_pid:5217
ok 3  
posx: 128 , posy: 13 
readsd: 6
nobst: 5 , ntar: 5 
readsd1: 8 , readsd2: 10
taking the obstacles
obst coord 0 --> x 128  y 21
obst coord 1 --> x 91  y 13
obst coord 2 --> x 19  y 26
obst coord 3 --> x 55  y 12
obst coord 4 --> x 64  y 1
taking the targets
tar coord 0 --> x 112  y 16
tar coord 1 --> x 105  y 5
tar coord 2 --> x 96  y 15
tar coord 3 --> x 14  y 2
tar coord 4 --> x 52  y 26
posx: 128 ,, posy: 13 
posx: 128 ,, posy: 13 
posx: 128 ,, posy: 13 
posx: 128 ,, posy: 13 
posx: 127 ,, posy: 13 
posx: 126 ,, posy: 13 
posx: 124 ,, posy: 13 
posx: 122 ,, posy: 13 
posx: 119 ,, posy: 13 
posx: 115 ,, posy: 13 
posx: 110 ,, posy: 13 
posx: 104 ,, posy: 13 
posx: 97 ,, posy: 13 
writesd4:15 , a:4.000000 , b:1.000000posx: 89 ,, posy: 12 
writesd4:15 , a:-182.000000 , b:-20.000000posx: 80 ,, posy: 11 
posx: 70 ,, posy: 9 
posx: 59 ,, posy: 6 
writesd4:15 , a:1.000000 , b:1.000000writesd4:15 , a:-0.000000 , b:-0.000000posx: 47 ,, posy: 2 
posx: 34 ,, posy: 2 
posx: 130 ,, posy: 35 
posx: 130 ,, posy: 35 
