Thu Jul 11 19:36:02 2024
 : WATCHDOG : SERVER signal
Thu Jul 11 19:36:02 2024
 : WATCHDOG : DRONE signal
Thu Jul 11 19:36:02 2024
 : WATCHDOG : KEYBOARD signal
Thu Jul 11 19:36:02 2024
 : WATCHDOG : OBSTACLES signal
Thu Jul 11 19:36:02 2024
 : WATCHDOG : TARGET signal
Thu Jul 11 19:36:22 2024
 : WATCHDOG : SERVER signal
Thu Jul 11 19:36:22 2024
 : WATCHDOG : DRONE signal
Thu Jul 11 19:36:22 2024
 : WATCHDOG : KEYBOARD signal
Thu Jul 11 19:36:22 2024
 : WATCHDOG : OBSTACLES signal
Thu Jul 11 19:36:22 2024
 : WATCHDOG : TARGET signal
Thu Jul 11 19:36:43 2024
 : WATCHDOG : SERVER signal
Thu Jul 11 19:36:43 2024
 : WATCHDOG : DRONE signal
Thu Jul 11 19:36:43 2024
 : WATCHDOG : KEYBOARD signal
Thu Jul 11 19:36:43 2024
 : WATCHDOG : OBSTACLES signal
Thu Jul 11 19:36:43 2024
 : WATCHDOG : TARGET signal
Thu Jul 11 19:37:03 2024
 : WATCHDOG : SERVER signal
Thu Jul 11 19:37:03 2024
 : WATCHDOG : DRONE signal
Thu Jul 11 19:37:03 2024
 : WATCHDOG : KEYBOARD signal
Thu Jul 11 19:37:03 2024
 : WATCHDOG : OBSTACLES signal
Thu Jul 11 19:37:04 2024
 : WATCHDOG : TARGET signal
Thu Jul 11 19:37:24 2024
 : WATCHDOG : SERVER signal
Thu Jul 11 19:37:24 2024
 : WATCHDOG : DRONE signal
Thu Jul 11 19:37:24 2024
 : WATCHDOG : KEYBOARD signal
Thu Jul 11 19:37:24 2024
 : WATCHDOG : OBSTACLES signal
Thu Jul 11 19:37:24 2024
 : WATCHDOG : TARGET signal
Thu Jul 11 19:37:44 2024
 : WATCHDOG : SERVER signal
Thu Jul 11 19:37:45 2024
 : WATCHDOG : DRONE signal
Thu Jul 11 19:37:45 2024
 : WATCHDOG : KEYBOARD signal
Thu Jul 11 19:37:45 2024
 : WATCHDOG : OBSTACLES signal
Thu Jul 11 19:37:45 2024
 : WATCHDOG : TARGET signal
Thu Jul 11 19:38:06 2024
 : WATCHDOG : SERVER signal
Thu Jul 11 19:38:06 2024
 : WATCHDOG : DRONE signal
Thu Jul 11 19:38:06 2024
 : WATCHDOG : KEYBOARD signal
Thu Jul 11 19:38:06 2024
 : WATCHDOG : OBSTACLES signal
Thu Jul 11 19:38:06 2024
 : WATCHDOG : TARGET signal
Thu Jul 11 19:38:26 2024
 : WATCHDOG : SERVER signal
Thu Jul 11 19:38:26 2024
 : WATCHDOG : DRONE signal
Thu Jul 11 19:38:26 2024
 : WATCHDOG : KEYBOARD signal
Thu Jul 11 19:38:26 2024
 : WATCHDOG : OBSTACLES signal
Thu Jul 11 19:38:26 2024
 : WATCHDOG : TARGET signal
Thu Jul 11 19:38:46 2024
 : WATCHDOG : SERVER signal
Thu Jul 11 19:38:46 2024
 : WATCHDOG : DRONE signal
Thu Jul 11 19:38:46 2024
 : WATCHDOG : KEYBOARD signal
Thu Jul 11 19:38:46 2024
 : WATCHDOG : OBSTACLES signal
Thu Jul 11 19:38:46 2024
 : WATCHDOG : TARGET signal
Thu Jul 11 19:39:06 2024
 : WATCHDOG : SERVER signal
Thu Jul 11 19:39:06 2024
 : WATCHDOG : DRONE signal
Thu Jul 11 19:39:06 2024
 : WATCHDOG : KEYBOARD signal
Thu Jul 11 19:39:07 2024
 : WATCHDOG : OBSTACLES signal
Thu Jul 11 19:39:07 2024
 : WATCHDOG : TARGET signal
